<?xml version="1.0" encoding="UTF-8"?>
<!-- Generated by org.testng.reporters.JUnitXMLReporter -->
<testsuite hostname="Jamila" ignored="0" name="Default test" tests="4" failures="0" timestamp="13 Jul 2018 16:41:17 GMT" time="41.513" errors="0">
  <testcase name="personalInfoPage" time="14.47" classname="pageObjectModel.CTLPersonalPageRunner"/>
  <testcase name="contactInfoPage" time="10.273" classname="pageObjectModel.CTLPersonalPageRunner"/>
  <testcase name="employmentInfoPage" time="6.794" classname="pageObjectModel.CTLPersonalPageRunner"/>
  <testcase name="financialInfoPage" time="9.847" classname="pageObjectModel.CTLPersonalPageRunner"/>
</testsuite> <!-- Default test -->
